   Compiling asadvanceit-agent v1.0.0 (F:\Xampp\htdocs\asadvanceit\agent-app\src-tauri)
error[E0425]: cannot find value `VT_BOOL` in this scope
  --> src\encoder.rs:82:63
   |
82 |                     (*var.Anonymous.Anonymous.Anonymous).vt = VT_BOOL;
   |                                                               ^^^^^^^ not found in this scope

error[E0425]: cannot find value `VARIANT_TRUE` in this scope
  --> src\encoder.rs:83:78
   |
83 |                     (*var.Anonymous.Anonymous.Anonymous).Anonymous.boolVal = VARIANT_TRUE;
   |                                                                              ^^^^^^^^^^^^ not found in this scope

error[E0425]: cannot find value `VARIANT_TRUE` in this scope
  --> src\encoder.rs:87:78
   |
87 |                     (*var.Anonymous.Anonymous.Anonymous).Anonymous.boolVal = VARIANT_TRUE;
   |                                                                              ^^^^^^^^^^^^ not found in this scope

error[E0425]: cannot find value `VT_UI4` in this scope
  --> src\encoder.rs:91:63
   |
91 |                     (*var.Anonymous.Anonymous.Anonymous).vt = VT_UI4;
   |                                                               ^^^^^^ not found in this scope

error[E0609]: no field `Anonymous` on type `core::variant::PROPVARIANT`
  --> src\encoder.rs:82:27
   |
82 |                     (*var.Anonymous.Anonymous.Anonymous).vt = VT_BOOL;
   |                           ^^^^^^^^^ unknown field

error[E0609]: no field `Anonymous` on type `core::variant::PROPVARIANT`
  --> src\encoder.rs:83:27
   |
83 |                     (*var.Anonymous.Anonymous.Anonymous).Anonymous.boolVal = VARIANT_TRUE;
   |                           ^^^^^^^^^ unknown field

error[E0308]: mismatched types
    --> src\encoder.rs:84:76
     |
  84 |                     let _ = codec_api.SetValue(&CODECAPI_AVLowLatencyMode, &var);
     |                                       --------                             ^^^^ expected `*const VARIANT`, found `&PROPVARIANT`
     |                                       |
     |                                       arguments to this method are incorrect
     |
     = note: expected raw pointer `*const core::variant::VARIANT`
                  found reference `&core::variant::PROPVARIANT`
note: method defined here
    --> C:\Users\Eklas\.cargo\registry\src\index.crates.io-1949cf8c6b5b557f\windows-0.58.0\src\Windows\Win32\Media\MediaFoundation\mod.rs:1988:19
     |
1988 |     pub unsafe fn SetValue(&self, api: *const windows_core::GUID, value: *const windows_core::VARIANT) -> windows_core::Result<()> {
     |                   ^^^^^^^^

error[E0609]: no field `Anonymous` on type `core::variant::PROPVARIANT`
  --> src\encoder.rs:87:27
   |
87 |                     (*var.Anonymous.Anonymous.Anonymous).Anonymous.boolVal = VARIANT_TRUE;
   |                           ^^^^^^^^^ unknown field

error[E0308]: mismatched types
    --> src\encoder.rs:88:79
     |
  88 |                     let _ = codec_api.SetValue(&CODECAPI_AVEncCommonRealTime, &var);
     |                                       --------                                ^^^^ expected `*const VARIANT`, found `&PROPVARIANT`
     |                                       |
     |                                       arguments to this method are incorrect
     |
     = note: expected raw pointer `*const core::variant::VARIANT`
                  found reference `&core::variant::PROPVARIANT`
note: method defined here
    --> C:\Users\Eklas\.cargo\registry\src\index.crates.io-1949cf8c6b5b557f\windows-0.58.0\src\Windows\Win32\Media\MediaFoundation\mod.rs:1988:19
     |
1988 |     pub unsafe fn SetValue(&self, api: *const windows_core::GUID, value: *const windows_core::VARIANT) -> windows_core::Result<()> {
     |                   ^^^^^^^^

error[E0609]: no field `Anonymous` on type `core::variant::PROPVARIANT`
  --> src\encoder.rs:91:27
   |
91 |                     (*var.Anonymous.Anonymous.Anonymous).vt = VT_UI4;
   |                           ^^^^^^^^^ unknown field

error[E0609]: no field `Anonymous` on type `core::variant::PROPVARIANT`
  --> src\encoder.rs:92:27
   |
92 |                     (*var.Anonymous.Anonymous.Anonymous).Anonymous.ulVal = 30;
   |                           ^^^^^^^^^ unknown field

error[E0308]: mismatched types
    --> src\encoder.rs:93:75
     |
  93 |                     let _ = codec_api.SetValue(&CODECAPI_AVEncMPVGOPSize, &var);
     |                                       --------                            ^^^^ expected `*const VARIANT`, found `&PROPVARIANT`
     |                                       |
     |                                       arguments to this method are incorrect
     |
     = note: expected raw pointer `*const core::variant::VARIANT`
                  found reference `&core::variant::PROPVARIANT`
note: method defined here
    --> C:\Users\Eklas\.cargo\registry\src\index.crates.io-1949cf8c6b5b557f\windows-0.58.0\src\Windows\Win32\Media\MediaFoundation\mod.rs:1988:19
     |
1988 |     pub unsafe fn SetValue(&self, api: *const windows_core::GUID, value: *const windows_core::VARIANT) -> windows_core::Result<()> {
     |                   ^^^^^^^^

Some errors have detailed explanations: E0308, E0425, E0609.
For more information about an error, try `rustc --explain E0308`.
error: could not compile `asadvanceit-agent` (bin "asadvanceit-agent") due to 12 previous errors
