   Compiling asadvanceit-agent v1.0.0 (F:\Xampp\htdocs\asadvanceit\agent-app\src-tauri)
    Checking windows v0.58.0
error[E0425]: cannot find value `VARIANT_TRUE` in this scope
  --> src\encoder.rs:77:80
   |
77 |                     (*var_low_latency.Anonymous.Anonymous).Anonymous.boolVal = VARIANT_TRUE;
   |                                                                                ^^^^^^^^^^^^ not found in this scope

error[E0425]: cannot find value `VARIANT_TRUE` in this scope
  --> src\encoder.rs:85:78
   |
85 |                     (*var_real_time.Anonymous.Anonymous).Anonymous.boolVal = VARIANT_TRUE;
   |                                                                              ^^^^^^^^^^^^ not found in this scope

error[E0609]: no field `Anonymous` on type `core::variant::VARIANT`
  --> src\encoder.rs:76:39
   |
76 |                     (*var_low_latency.Anonymous.Anonymous).vt = VT_BOOL;
   |                                       ^^^^^^^^^ unknown field

error[E0609]: no field `Anonymous` on type `core::variant::VARIANT`
  --> src\encoder.rs:77:39
   |
77 |                     (*var_low_latency.Anonymous.Anonymous).Anonymous.boolVal = VARIANT_TRUE;
   |                                       ^^^^^^^^^ unknown field

error[E0609]: no field `Anonymous` on type `core::variant::VARIANT`
  --> src\encoder.rs:84:37
   |
84 |                     (*var_real_time.Anonymous.Anonymous).vt = VT_BOOL;
   |                                     ^^^^^^^^^ unknown field

error[E0609]: no field `Anonymous` on type `core::variant::VARIANT`
  --> src\encoder.rs:85:37
   |
85 |                     (*var_real_time.Anonymous.Anonymous).Anonymous.boolVal = VARIANT_TRUE;
   |                                     ^^^^^^^^^ unknown field

error[E0609]: no field `Anonymous` on type `core::variant::VARIANT`
  --> src\encoder.rs:92:31
   |
92 |                     (*var_gop.Anonymous.Anonymous).vt = VT_UI4;
   |                               ^^^^^^^^^ unknown field

error[E0609]: no field `Anonymous` on type `core::variant::VARIANT`
  --> src\encoder.rs:93:31
   |
93 |                     (*var_gop.Anonymous.Anonymous).Anonymous.ulVal = 30;
   |                               ^^^^^^^^^ unknown field

Some errors have detailed explanations: E0425, E0609.
For more information about an error, try `rustc --explain E0425`.
error: could not compile `asadvanceit-agent` (bin "asadvanceit-agent") due to 8 previous errors
